{"C:\\Users\\laura\\Desktop\\Universidad\\TERCERO\\2-cuatrimestre\\sos\\nueva\\SOS2122-24\\coverage\\prueba.js": {"path":"C:\\Users\\laura\\Desktop\\Universidad\\TERCERO\\2-cuatrimestre\\sos\\nueva\\SOS2122-24\\coverage\\prueba.js","statementMap":{"0":{"start":{"line":2,"column":4},"end":{"line":2,"column":23}},"1":{"start":{"line":5,"column":2},"end":{"line":5,"column":23}}},"fnMap":{"0":{"name":"sum","decl":{"start":{"line":1,"column":9},"end":{"line":1,"column":12}},"loc":{"start":{"line":1,"column":25},"end":{"line":3,"column":3}},"line":1}},"branchMap":{},"s":{"0":1,"1":1},"f":{"0":1},"b":{},"_coverageSchema":"1a1c01bbd47fc00a2c39e90264f33305004495a9","hash":"a51a9191fd12d85f397704d8c4a0b9faf0b465ea"}
}
